<?xml version="1.0" encoding="UTF-8"?>
<!-- Generated by org.testng.reporters.JUnitXMLReporter -->
<testsuite hostname="LAPTOP-4RAGM6OB" failures="1" tests="3" name="test" time="25.046" errors="0" timestamp="4 Jan 2024 07:28:47 GMT">
  <testcase classname="test.LoginTest" name="validUserShoudBeAbleToLogin" time="16.514"/>
  <testcase classname="test.LoginTest" name="validateLoginAlertMsg" time="4.766"/>
  <testcase classname="test.AddCustomerTest" name="userShouldBeAbleToAddNewCustomer" time="3.656">
    <failure type="java.lang.NullPointerException">
      <![CDATA[java.lang.NullPointerException
	at test.AddCustomerTest.userShouldBeAbleToAddNewCustomer(AddCustomerTest.java:52)
... Removed 24 stack frames]]>
    </failure>
  </testcase> <!-- userShouldBeAbleToAddNewCustomer -->
</testsuite> <!-- test -->
