<?xml version="1.0" encoding="UTF-8"?>
<!-- Generated by org.testng.reporters.JUnitXMLReporter -->
<testsuite hostname="LAPTOP-4RAGM6OB" failures="1" tests="1" name="test(failed)" time="3.229" errors="0" timestamp="4 Jan 2024 07:18:53 GMT">
  <testcase classname="test.AddCustomerTest" name="userShouldBeAbleToAddNewCustomer" time="3.229">
    <failure type="java.lang.NullPointerException">
      <![CDATA[java.lang.NullPointerException
	at test.AddCustomerTest.userShouldBeAbleToAddNewCustomer(AddCustomerTest.java:52)
... Removed 24 stack frames]]>
    </failure>
  </testcase> <!-- userShouldBeAbleToAddNewCustomer -->
</testsuite> <!-- test(failed) -->
