<?xml version="1.0" encoding="UTF-8"?>
<testng-results ignored="0" total="2" passed="2" failed="0" skipped="0">
  <reporter-output>
  </reporter-output>
  <suite started-at="2024-01-17T13:47:46 CST" name="Default suite" finished-at="2024-01-17T13:48:07 CST" duration-ms="20395">
    <groups>
      <group name="regression">
        <method signature="LoginTest.validUserShoudBeAbleToLogin()[pri:0, instance:test.LoginTest@71a8adcf]" name="validUserShoudBeAbleToLogin" class="test.LoginTest"/>
        <method signature="LoginTest.validateLoginAlertMsg()[pri:0, instance:test.LoginTest@71a8adcf]" name="validateLoginAlertMsg" class="test.LoginTest"/>
      </group> <!-- regression -->
      <group name="smoke">
        <method signature="LoginTest.validUserShoudBeAbleToLogin()[pri:0, instance:test.LoginTest@71a8adcf]" name="validUserShoudBeAbleToLogin" class="test.LoginTest"/>
      </group> <!-- smoke -->
    </groups>
    <test started-at="2024-01-17T13:47:46 CST" name="Default test" finished-at="2024-01-17T13:48:07 CST" duration-ms="20395">
      <class name="test.LoginTest">
        <test-method is-config="true" signature="readJson()[pri:0, instance:test.LoginTest@71a8adcf]" started-at="2024-01-17T13:47:46 CST" name="readJson" finished-at="2024-01-17T13:47:47 CST" duration-ms="79" status="PASS">
          <reporter-output>
          </reporter-output>
        </test-method> <!-- readJson -->
        <test-method signature="validUserShoudBeAbleToLogin()[pri:0, instance:test.LoginTest@71a8adcf]" started-at="2024-01-17T13:47:47 CST" name="validUserShoudBeAbleToLogin" finished-at="2024-01-17T13:48:02 CST" duration-ms="15525" status="PASS">
          <reporter-output>
          </reporter-output>
        </test-method> <!-- validUserShoudBeAbleToLogin -->
        <test-method signature="validateLoginAlertMsg()[pri:0, instance:test.LoginTest@71a8adcf]" started-at="2024-01-17T13:48:02 CST" name="validateLoginAlertMsg" finished-at="2024-01-17T13:48:07 CST" duration-ms="4619" status="PASS">
          <reporter-output>
          </reporter-output>
        </test-method> <!-- validateLoginAlertMsg -->
        <test-method is-config="true" signature="readJson()[pri:0, instance:test.LoginTest@71a8adcf]" started-at="2024-01-17T13:48:02 CST" name="readJson" finished-at="2024-01-17T13:48:02 CST" duration-ms="0" status="PASS">
          <reporter-output>
          </reporter-output>
        </test-method> <!-- readJson -->
      </class> <!-- test.LoginTest -->
    </test> <!-- Default test -->
  </suite> <!-- Default suite -->
</testng-results>
